Using pre-set license

 COMMAND LINE ARGUMENTS:
/Applications/Unity/Hub/Editor/2020.2.1f1c1/Unity.app/Contents/MacOS/Unity
-adb2
-batchMode
-noUpm
-name
AssetImportWorker0
-projectPath
/Users/gavinwjwang/work/GitHub/tencentyun/TRTCUnitySDK
-logFile
Logs/AssetImportWorker0.log
-srvPort
61317
Successfully changed project path to: /Users/gavinwjwang/work/GitHub/tencentyun/TRTCUnitySDK
/Users/gavinwjwang/work/GitHub/tencentyun/TRTCUnitySDK
Using Asset Import Pipeline V2.
Refreshing native plugins compatible for Editor in 64.00 ms, found 3 plugins.
Preloading 0 native plugins for Editor in 0.00 ms.
Initialize engine version: 2020.2.1f1c1 (252d8215dd99)
[Subsystems] Discovering subsystems at path /Applications/Unity/Hub/Editor/2020.2.1f1c1/Unity.app/Contents/Resources/UnitySubsystems
[Subsystems] Discovering subsystems at path /Users/gavinwjwang/work/GitHub/tencentyun/TRTCUnitySDK/Assets
GfxDevice: creating device client; threaded=0
2021-09-29 16:39:07.956 Unity[63718:2226321] Color LCD preferred device: AMD Radeon Pro 5300M (high power)
2021-09-29 16:39:07.956 Unity[63718:2226321] Metal devices available: 2
2021-09-29 16:39:07.957 Unity[63718:2226321] 0: AMD Radeon Pro 5300M (high power)
2021-09-29 16:39:07.957 Unity[63718:2226321] 1: Intel(R) UHD Graphics 630 (low power)
2021-09-29 16:39:07.957 Unity[63718:2226321] Using device AMD Radeon Pro 5300M (high power)
Initializing Metal device caps: AMD Radeon Pro 5300M
Initialize mono
Mono path[0] = '/Applications/Unity/Hub/Editor/2020.2.1f1c1/Unity.app/Contents/Managed'
Mono path[1] = '/Applications/Unity/Hub/Editor/2020.2.1f1c1/Unity.app/Contents/MonoBleedingEdge/lib/mono/unityjit'
Mono config path = '/Applications/Unity/Hub/Editor/2020.2.1f1c1/Unity.app/Contents/MonoBleedingEdge/etc'
Using monoOptions --debugger-agent=transport=dt_socket,embedding=1,server=y,suspend=n,address=127.0.0.1:56718
Begin MonoManager ReloadAssembly
Registering precompiled unity dll's ...
Register platform support module: /Applications/Unity/Hub/Editor/2020.2.1f1c1/Unity.app/Contents/PlaybackEngines/MacStandaloneSupport/UnityEditor.OSXStandalone.Extensions.dll
Registered in 0.000610 seconds.
Native extension for OSXStandalone target not found
Refreshing native plugins compatible for Editor in 46.34 ms, found 3 plugins.
Preloading 0 native plugins for Editor in 0.00 ms.
Invoked RoslynAnalysisRunner static constructor.
RoslynAnalysisRunner will not be running.
RoslynAnalysisRunner has terminated.
Mono: successfully reloaded assembly
- Completed reload, in  3.202 seconds
Platform modules already initialized, skipping
Registering precompiled user dll's ...
Registered in 0.001487 seconds.
Begin MonoManager ReloadAssembly
Native extension for OSXStandalone target not found
Refreshing native plugins compatible for Editor in 41.83 ms, found 3 plugins.
Preloading 0 native plugins for Editor in 0.00 ms.
Invoked RoslynAnalysisRunner static constructor.
RoslynAnalysisRunner will not be running.
RoslynAnalysisRunner has terminated.
Mono: successfully reloaded assembly
- Completed reload, in  1.041 seconds
Platform modules already initialized, skipping
========================================================================
Worker process is ready to serve import requests
Launching external process: /Applications/Unity/Hub/Editor/2020.2.1f1c1/Unity.app/Contents/Tools/UnityShaderCompiler
Launched and connected shader compiler UnityShaderCompiler after 0.02 seconds
Refreshing native plugins compatible for Editor in 0.54 ms, found 3 plugins.
Preloading 0 native plugins for Editor in 0.00 ms.
Unloading 1887 Unused Serialized files (Serialized files now loaded: 0)
System memory in use before: 152.4 MB.
System memory in use after: 152.5 MB.

Unloading 45 unused Assets to reduce memory usage. Loaded Objects now: 2308.
Total: 2.282314 ms (FindLiveObjects: 0.237070 ms CreateObjectMapping: 0.105119 ms MarkObjects: 1.843756 ms  DeleteObjects: 0.095004 ms)

========================================================================
Received Import Request.
  path: Assets/TRTCSDK/SDK/Plugins/x86/liteav.dll
  artifactKey: Guid(ac1a2b0842a07b84086730490547ea65) Importer(815301076,1909f56bfc062723c751e8b465ee728b)
Start importing Assets/TRTCSDK/SDK/Plugins/x86/liteav.dll using Guid(ac1a2b0842a07b84086730490547ea65) Importer(815301076,1909f56bfc062723c751e8b465ee728b)  -> (artifact id: '4dfc168f225c4eaf3f961137ed047e3d') in 1.265849 seconds
  Import took 1.269787 seconds .

========================================================================
Received Prepare
Registering precompiled user dll's ...
Registered in 0.006279 seconds.
Begin MonoManager ReloadAssembly
Native extension for OSXStandalone target not found
Refreshing native plugins compatible for Editor in 0.72 ms, found 3 plugins.
Preloading 0 native plugins for Editor in 0.00 ms.
Invoked RoslynAnalysisRunner static constructor.
RoslynAnalysisRunner will not be running.
RoslynAnalysisRunner has terminated.
Mono: successfully reloaded assembly
- Completed reload, in  1.370 seconds
Platform modules already initialized, skipping
Refreshing native plugins compatible for Editor in 0.66 ms, found 3 plugins.
Preloading 0 native plugins for Editor in 0.00 ms.
Unloading 1879 Unused Serialized files (Serialized files now loaded: 0)
System memory in use before: 157.4 MB.
System memory in use after: 157.6 MB.

Unloading 33 unused Assets to reduce memory usage. Loaded Objects now: 2311.
Total: 1.931529 ms (FindLiveObjects: 0.190135 ms CreateObjectMapping: 0.073647 ms MarkObjects: 1.642906 ms  DeleteObjects: 0.023851 ms)

========================================================================
Received Prepare
Refreshing native plugins compatible for Editor in 6.69 ms, found 3 plugins.
Preloading 0 native plugins for Editor in 0.00 ms.
Unloading 34 Unused Serialized files (Serialized files now loaded: 0)
System memory in use before: 121.2 MB.
System memory in use after: 121.3 MB.

Unloading 31 unused Assets to reduce memory usage. Loaded Objects now: 2311.
Total: 2.256523 ms (FindLiveObjects: 0.206674 ms CreateObjectMapping: 0.078554 ms MarkObjects: 1.949987 ms  DeleteObjects: 0.019801 ms)

