Using pre-set license

 COMMAND LINE ARGUMENTS:
/Applications/Unity/Hub/Editor/2020.2.1f1c1/Unity.app/Contents/MacOS/Unity
-adb2
-batchMode
-noUpm
-name
AssetImportWorker0
-projectPath
/Users/gavinwjwang/work/ugit/trtc-unity-plugin/TRTCUnitySDK
-logFile
Logs/AssetImportWorker0.log
-srvPort
62534
Successfully changed project path to: /Users/gavinwjwang/work/ugit/trtc-unity-plugin/TRTCUnitySDK
/Users/gavinwjwang/work/ugit/trtc-unity-plugin/TRTCUnitySDK
Using Asset Import Pipeline V2.
Refreshing native plugins compatible for Editor in 82.89 ms, found 3 plugins.
Preloading 0 native plugins for Editor in 0.00 ms.
Initialize engine version: 2020.2.1f1c1 (252d8215dd99)
[Subsystems] Discovering subsystems at path /Applications/Unity/Hub/Editor/2020.2.1f1c1/Unity.app/Contents/Resources/UnitySubsystems
[Subsystems] Discovering subsystems at path /Users/gavinwjwang/work/ugit/trtc-unity-plugin/TRTCUnitySDK/Assets
GfxDevice: creating device client; threaded=0
2021-07-14 16:55:03.200 Unity[70830:4032338] Color LCD preferred device: AMD Radeon Pro 5300M (high power)
2021-07-14 16:55:03.200 Unity[70830:4032338] Metal devices available: 2
2021-07-14 16:55:03.200 Unity[70830:4032338] 0: AMD Radeon Pro 5300M (high power)
2021-07-14 16:55:03.200 Unity[70830:4032338] 1: Intel(R) UHD Graphics 630 (low power)
2021-07-14 16:55:03.200 Unity[70830:4032338] Using device AMD Radeon Pro 5300M (high power)
Initializing Metal device caps: AMD Radeon Pro 5300M
Initialize mono
Mono path[0] = '/Applications/Unity/Hub/Editor/2020.2.1f1c1/Unity.app/Contents/Managed'
Mono path[1] = '/Applications/Unity/Hub/Editor/2020.2.1f1c1/Unity.app/Contents/MonoBleedingEdge/lib/mono/unityjit'
Mono config path = '/Applications/Unity/Hub/Editor/2020.2.1f1c1/Unity.app/Contents/MonoBleedingEdge/etc'
Using monoOptions --debugger-agent=transport=dt_socket,embedding=1,server=y,suspend=n,address=127.0.0.1:56830
Begin MonoManager ReloadAssembly
Registering precompiled unity dll's ...
Register platform support module: /Applications/Unity/Hub/Editor/2020.2.1f1c1/Unity.app/Contents/PlaybackEngines/MacStandaloneSupport/UnityEditor.OSXStandalone.Extensions.dll
Registered in 0.000787 seconds.
Native extension for OSXStandalone target not found
Refreshing native plugins compatible for Editor in 61.92 ms, found 3 plugins.
Preloading 0 native plugins for Editor in 0.00 ms.
Invoked RoslynAnalysisRunner static constructor.
RoslynAnalysisRunner will not be running.
RoslynAnalysisRunner has terminated.
Mono: successfully reloaded assembly
- Completed reload, in  3.817 seconds
Platform modules already initialized, skipping
Registering precompiled user dll's ...
Registered in 0.001826 seconds.
Begin MonoManager ReloadAssembly
Native extension for OSXStandalone target not found
Refreshing native plugins compatible for Editor in 83.85 ms, found 3 plugins.
Preloading 0 native plugins for Editor in 0.00 ms.
Invoked RoslynAnalysisRunner static constructor.
RoslynAnalysisRunner will not be running.
RoslynAnalysisRunner has terminated.
Mono: successfully reloaded assembly
- Completed reload, in  1.387 seconds
Platform modules already initialized, skipping
========================================================================
Worker process is ready to serve import requests
Launching external process: /Applications/Unity/Hub/Editor/2020.2.1f1c1/Unity.app/Contents/Tools/UnityShaderCompiler
Launched and connected shader compiler UnityShaderCompiler after 0.02 seconds
Refreshing native plugins compatible for Editor in 0.57 ms, found 3 plugins.
Preloading 0 native plugins for Editor in 0.00 ms.
Unloading 1884 Unused Serialized files (Serialized files now loaded: 0)
System memory in use before: 152.3 MB.
System memory in use after: 152.4 MB.

Unloading 44 unused Assets to reduce memory usage. Loaded Objects now: 2306.
Total: 2.336740 ms (FindLiveObjects: 0.230580 ms CreateObjectMapping: 0.092519 ms MarkObjects: 1.942951 ms  DeleteObjects: 0.069747 ms)

========================================================================
Received Import Request.
  path: Assets/TRTCSDK/SDK/Plugins/iOS/libTrtcIosCPackage.a
  artifactKey: Guid(4838f70c6716b4809991ee83cbd7c3f2) Importer(815301076,1909f56bfc062723c751e8b465ee728b)
Start importing Assets/TRTCSDK/SDK/Plugins/iOS/libTrtcIosCPackage.a using Guid(4838f70c6716b4809991ee83cbd7c3f2) Importer(815301076,1909f56bfc062723c751e8b465ee728b)  -> (artifact id: '07a8c184887476cffcda576613f5b05d') in 1.386186 seconds
  Import took 1.390394 seconds .

========================================================================
Received Import Request.
  Time since last request: 0.000177 seconds.
  path: Assets/TRTCSDK/SDK/Plugins/iOS/libTrtcIosCPackage.a
  artifactKey: Guid(4838f70c6716b4809991ee83cbd7c3f2) Importer(815301076,1909f56bfc062723c751e8b465ee728b)
Start importing Assets/TRTCSDK/SDK/Plugins/iOS/libTrtcIosCPackage.a using Guid(4838f70c6716b4809991ee83cbd7c3f2) Importer(815301076,1909f56bfc062723c751e8b465ee728b)  -> (artifact id: '56da2f332ebf42bcee7ae7e89b6c3079') in 0.002538 seconds
  Import took 0.005199 seconds .

AssetImportWorkerClient::OnTransportError - code=2 error=End of file
